<?xml version="1.0" encoding="UTF-8"?>
<testsuite xmlns:xsi="http://www.w3.org/2001/XMLSchema-instance" xsi:schemaLocation="https://maven.apache.org/surefire/maven-surefire-plugin/xsd/surefire-test-report.xsd" name="TestSuite" time="133.143" tests="3" errors="0" skipped="0" failures="1">
  <properties>
[...]
</properties>
  <testcase name="verifyClickMyAccountLink" classname="com.testCases.DashBoardTest" time="8.259"/>
  <testcase name="VerifyLogin" classname="com.testCases.LoginTest" time="11.642"/>
  <testcase name="VerifyLogin" classname="com.testCases.LoginTest" time="30.551">
    <failure message="Expected condition failed: waiting for presence of element located by: By.xpath: //a[text()=&apos;Sign out&apos;] (tried for 20 second(s) with 500 milliseconds interval)" type="org.openqa.selenium.TimeoutException">org.openqa.selenium.TimeoutException: Expected condition failed: waiting for presence of element located by: By.xpath: //a[text()='Sign out'] (tried for 20 second(s) with 500 milliseconds interval)
	at com.testCases.LoginTest.VerifyLogin(LoginTest.java:103)
Caused by: org.openqa.selenium.NoSuchElementException: 
no such element: Unable to locate element: {"method":"xpath","selector":"//a[text()='Sign out']"}
  (Session info: chrome=75.0.3770.100)
  (Driver info: chromedriver=74.0.3729.6 (255758eccf3d244491b8a1317aa76e1ce10d57e9-refs/branch-heads/3729@{#29}),platform=Windows NT 10.0.17763 x86_64) (WARNING: The server did not provide any stacktrace information)
Command duration or timeout: 0 milliseconds
For documentation on this error, please visit: https://www.seleniumhq.org/exceptions/no_such_element.html
Build info: version: '3.141.59', revision: 'e82be7d358', time: '2018-11-14T08:17:03'
System info: host: 'STUDENT', ip: '192.168.148.1', os.name: 'Windows 10', os.arch: 'amd64', os.version: '10.0', java.version: '1.8.0_202'
Driver info: org.openqa.selenium.chrome.ChromeDriver
Capabilities {acceptInsecureCerts: false, acceptSslCerts: false, applicationCacheEnabled: false, browserConnectionEnabled: false, browserName: chrome, chrome: {chromedriverVersion: 74.0.3729.6 (255758eccf3d24..., userDataDir: C:\Users\CHINU\AppData\Loca...}, cssSelectorsEnabled: true, databaseEnabled: false, goog:chromeOptions: {debuggerAddress: localhost:53478}, handlesAlerts: true, hasTouchScreen: false, javascriptEnabled: true, locationContextEnabled: true, mobileEmulationEnabled: false, nativeEvents: true, networkConnectionEnabled: false, pageLoadStrategy: normal, platform: XP, platformName: XP, proxy: Proxy(), rotatable: false, setWindowRect: true, strictFileInteractability: false, takesHeapSnapshot: true, takesScreenshot: true, timeouts: {implicit: 0, pageLoad: 300000, script: 30000}, unexpectedAlertBehaviour: ignore, unhandledPromptBehavior: ignore, version: 75.0.3770.100, webStorageEnabled: true}
Session ID: 53b070aaffaeb987c0e75f06eec59715
*** Element info: {Using=xpath, value=//a[text()='Sign out']}
	at com.testCases.LoginTest.VerifyLogin(LoginTest.java:103)
</failure>
    <system-out><![CDATA[Test Case Started.. : VerifyLogin
UserName entered : cbartakke55@gmail.com
 INFO [main] (LoginTest.java:46)- UserName entered : cbartakke55@gmail.com
PassWord entered : cbartakke55
 INFO [main] (LoginTest.java:71)- PassWord entered : cbartakke55
Test Case Failed..!! : VerifyLogin
]]></system-out>
    <system-err><![CDATA[Starting ChromeDriver 74.0.3729.6 (255758eccf3d244491b8a1317aa76e1ce10d57e9-refs/branch-heads/3729@{#29}) on port 11453
Only local connections are allowed.
Please protect ports used by ChromeDriver and related test frameworks to prevent access by malicious code.
[1563017490.179][WARNING]: This version of ChromeDriver has not been tested with Chrome version 75.
Jul 13, 2019 5:01:31 PM org.openqa.selenium.remote.ProtocolHandshake createSession
INFO: Detected dialect: OSS
]]></system-err>
  </testcase>
</testsuite>